Start testing: Apr 07 08:31 Eastern Daylight Time
----------------------------------------------------------
Test not available without configuration.  (Missing "-C <config>"?)
2/2 Testing: python_test_long
2/2 Test: python_test_long
Command: "NOT_AVAILABLE"
Directory: C:/Users/1pier/Desktop/Z/autodidact/cmake/04_07_2022/unit_test/build
"python_test_long" start time: 
Output:
----------------------------------------------------------
<end of output>
Test time =   0.00 sec
----------------------------------------------------------
Test Passed.
"python_test_long" end time: Apr 07 08:31 Eastern Daylight Time
"python_test_long" time elapsed: 00:00:00
----------------------------------------------------------

End testing: Apr 07 08:31 Eastern Daylight Time
